[handleMsg]:  {
  type: 'text',
  from: '5491140054474',
  to: '5491166704322',
  body: 'S',
  pushName: 'Nicolas 🤳 Selfie Mirror'
}
[QUEUE_SE_ENVIO]:  {
  ref: 'ans_165bf752-cb5a-4fde-9505-d82e8c114222',
  keyword: 'key_393aad5b-bb8b-47aa-871d-479fc9b2d118',
  answer: 'Hola, gracias por comunicarte con Selfie Mirror. Esta es una línea de respuestas automáticas. Responde con el número índice para continuar o continua al\n' +
    ' +5491140054474 - Nicolás',
  options: {
    media: null,
    buttons: [],
    capture: false,
    child: null,
    delay: 0,
    nested: [],
    keyword: {},
    callback: false
  },
  refSerialize: '29b1e2cd092296769865da512e93d09a'
}
[QUEUE_SE_ENVIO]:  {
  ref: 'ans_c63f2deb-8e10-4993-9e4a-5c1f9d3510a9',
  keyword: 'ans_165bf752-cb5a-4fde-9505-d82e8c114222',
  answer: 'Opciones',
  options: {
    media: null,
    buttons: [ [Object], [Object], [Object] ],
    capture: false,
    child: null,
    delay: 2000,
    nested: [],
    keyword: {},
    callback: false
  },
  refSerialize: '36241ac1f9fa4937ff1b2f6c295221bd'
}
[QUEUE_SE_ENVIO]:  {
  ref: 'ans_33c758f4-b055-454f-8a42-389dec2e5016',
  keyword: 'ans_c63f2deb-8e10-4993-9e4a-5c1f9d3510a9',
  answer: '*Contacto*',
  options: {
    media: null,
    buttons: [ [Object], [Object], [Object] ],
    capture: true,
    child: null,
    delay: 3000,
    nested: [],
    keyword: {},
    callback: false
  },
  refSerialize: '1463dd823779e32eed8601a0dc9b0fae'
}
[handleMsg]:  {
  type: 'interactive',
  from: '5491140054474',
  to: '5491166704322',
  body: 'INFO. ALQUILER',
  title_button_reply: 'INFO. ALQUILER',
  title_list_reply: undefined,
  pushName: 'Nicolas 🤳 Selfie Mirror'
}
[QUEUE_SE_ENVIO]:  {
  ref: 'ans_4059dd4c-2f48-4711-894d-c7537c0b7d6c',
  keyword: 'ans_33c758f4-b055-454f-8a42-389dec2e5016',
  answer: '__call_action__',
  options: {
    media: null,
    buttons: [],
    capture: false,
    child: null,
    delay: 0,
    nested: [],
    keyword: {},
    callback: true
  },
  refSerialize: '742f3148e598c09487c0f72b06f78d65'
}
Error al encolar: abc is not defined
[QUEUE_SE_ENVIO]:  {
  ref: 'ans_55e9a1ee-c25c-4e08-8fd9-c57fbb60c955',
  keyword: 'key_fe574e94-9107-48a6-9d28-62921bb45147',
  answer: '👌Te envio la info de alquiler.',
  options: {
    media: null,
    buttons: [],
    capture: false,
    child: null,
    delay: 0,
    nested: [],
    keyword: {},
    callback: false
  },
  refSerialize: 'ee8ba9c3cdfd22d8c8019418127f1e14'
}
Error al encolar: undefined
[QUEUE_SE_ENVIO]:  {
  ref: 'ans_4059dd4c-2f48-4711-894d-c7537c0b7d6c',
  keyword: 'ans_33c758f4-b055-454f-8a42-389dec2e5016',
  answer: '__call_action__',
  options: {
    media: null,
    buttons: [],
    capture: false,
    child: null,
    delay: 0,
    nested: [],
    keyword: {},
    callback: true
  },
  refSerialize: '742f3148e598c09487c0f72b06f78d65'
}
Error al encolar: abc is not defined
