5491159132301:ENCOLADO ans_e92f53a6-b61d-4cfd-9fc4-54a96010b188
5491159132301:EJECUTANDO
5491159132301:SUCCESS
5491159132301:ENCOLADO ans_a8eea2a6-63e4-4c51-9ac0-d2789b7da322
5491159132301:EJECUTANDO
5491159132301:SUCCESS
5491159132301:ENCOLADO ans_4ffa53a4-011b-47b9-aa37-52ce118c78ea
5491159132301:EJECUTANDO
5491159132301:SUCCESS
5491139006921:ENCOLADO ans_e92f53a6-b61d-4cfd-9fc4-54a96010b188
5491139006921:EJECUTANDO
5491139006921:SUCCESS
5491139006921:ENCOLADO ans_a8eea2a6-63e4-4c51-9ac0-d2789b7da322
5491139006921:EJECUTANDO
5491139006921:SUCCESS
5491139006921:ENCOLADO ans_4ffa53a4-011b-47b9-aa37-52ce118c78ea
5491139006921:EJECUTANDO
5491139006921:SUCCESS
5491139006921:ENCOLADO ans_ce2c1631-b8ff-4d9a-92a5-043d536e9acf
5491139006921:EJECUTANDO
5491139006921:ERROR: {}
5491139006921:ENCOLADO ans_7d3dc8f3-48e0-4c52-aad7-076bf074100c
5491139006921:EJECUTANDO
5491139006921:ENCOLADO ans_ce2c1631-b8ff-4d9a-92a5-043d536e9acf
5491139006921:ERROR: "timeout"
5491139006921:ERROR: {}
5491139006921:ENCOLADO ans_e92f53a6-b61d-4cfd-9fc4-54a96010b188
5491139006921:EJECUTANDO
5491139006921:ENCOLADO ans_755592e2-63eb-42fa-9b0f-043b7945de8f
5491139006921:ERROR: "timeout"
5491139006921:SUCCESS
5491139006921:ENCOLADO ans_e0c43720-7b96-45c2-891e-a138c7307da8
5491139006921:SUCCESS
5491139006921:ENCOLADO ans_77913d2f-57dd-4ec1-a144-197478b3cdf3
5491139006921:SUCCESS
5491139006921:ENCOLADO ans_7e64cef7-b2d2-4795-bb86-a5b70f0eb030
5491139006921:SUCCESS
5491139006921:ENCOLADO ans_6aedc2ef-fef5-4a11-952a-a4876342a2ed
5491139006921:SUCCESS
5491139006921:ENCOLADO ans_6055248a-c8b8-4f78-bd86-c2ed402f0045
5491139006921:SUCCESS
5491139006921:ENCOLADO ans_7bbe908b-db83-4dcd-a643-a904f67104ef
5491139006921:SUCCESS
5491139006921:ENCOLADO ans_61ce9489-fa4a-467e-b7ba-3b387bf577bc
5491139006921:SUCCESS
5491139006921:ENCOLADO ans_f4979302-6023-4f17-843d-f2810150b067
5491139006921:SUCCESS
5491139006921:ENCOLADO ans_94ceeaee-d49f-41e7-a8e7-c207268c4248
5491139006921:SUCCESS
5491139006921:ENCOLADO ans_08ff2d8f-4e7a-4041-b1c1-4beb4af9151b
5491139006921:SUCCESS
5491139006921:ENCOLADO ans_3cc3cc00-1d90-4702-b84d-5efcbe2a1268
5491139006921:SUCCESS
5491139006921:ENCOLADO ans_3731aaf6-2b0a-4cec-a172-5a5996234f3c
5491139006921:EJECUTANDO
5491139006921:SUCCESS
5491139006921:ENCOLADO ans_761e79d9-cf05-4014-af37-b354b86b6074
5491139006921:SUCCESS
5491139006921:ENCOLADO ans_075a18da-869d-41ad-be6c-45574c646131
5491139006921:SUCCESS
5491139006921:ENCOLADO ans_cefab652-dd52-4e84-ae5e-4423de91b91a
5491139006921:SUCCESS
5491139006921:ENCOLADO ans_f5c06ce5-1ec9-40f4-b4e5-91560bb14d93
5491139006921:EJECUTANDO
5491139006921:SUCCESS
